[2017-12-12 15:45:53] START
[2017-12-12 16:17:34] EDIT stocker/models/db.py: -3
[2017-12-12 16:20:13] EDIT stocker/models/db.py: 18
[2017-12-12 16:20:18] EDIT stocker/models/db.py: 0
[2017-12-12 16:21:05] EDIT stocker/models/db.py: 1
[2017-12-12 16:21:07] EDIT stocker/models/db.py: 0
[2017-12-12 16:21:15] EDIT stocker/models/db.py: 0
[2017-12-12 16:21:19] EDIT stocker/models/db.py: 0
[2017-12-12 16:21:34] EDIT stocker/models/db.py: 0
[2017-12-12 16:22:59] EDIT stocker/models/db.py: 0
[2017-12-12 16:44:19] EDIT stocker/controllers/default.py: 3
[2017-12-12 16:44:27] EDIT stocker/controllers/default.py: 0
[2017-12-12 16:47:13] EDIT stocker/controllers/default.py: 0
[2017-12-12 17:11:26] CREATE default/displayTickers.html: 0
[2017-12-12 17:12:01] EDIT stocker/views/default/displayTickers.html: 2
[2017-12-12 17:13:22] EDIT stocker/controllers/default.py: 0
[2017-12-12 17:13:31] EDIT stocker/controllers/default.py: 0
[2017-12-12 17:13:51] EDIT stocker/views/default/displayTickers.html: 0
[2017-12-12 17:14:48] EDIT stocker/views/default/displayTickers.html: -2
[2017-12-12 17:16:01] EDIT stocker/controllers/default.py: 0
[2017-12-12 17:17:23] EDIT stocker/controllers/default.py: 0
[2017-12-12 17:17:57] EDIT stocker/controllers/default.py: 0
[2017-12-12 17:18:09] EDIT stocker/controllers/default.py: 0
[2017-12-12 17:20:26] EDIT stocker/controllers/default.py: 2
[2017-12-12 17:20:38] EDIT stocker/controllers/default.py: 0
[2017-12-12 17:20:57] EDIT stocker/controllers/default.py: 0
[2017-12-12 17:21:06] EDIT stocker/controllers/default.py: 0
[2017-12-12 17:21:45] EDIT stocker/controllers/default.py: 3
[2017-12-12 17:23:08] EDIT stocker/controllers/default.py: 0
[2017-12-12 17:24:10] EDIT stocker/controllers/default.py: 1
[2017-12-12 17:26:07] EDIT stocker/controllers/default.py: 1
[2017-12-12 17:26:48] EDIT stocker/controllers/default.py: 0
[2017-12-12 17:27:31] EDIT stocker/controllers/default.py: 0
[2017-12-12 17:28:16] EDIT stocker/controllers/default.py: 0
[2017-12-12 17:29:10] EDIT stocker/controllers/default.py: 1
[2017-12-12 17:29:43] EDIT stocker/controllers/default.py: -1
[2017-12-12 17:30:20] EDIT stocker/controllers/default.py: 0
[2017-12-12 17:30:43] EDIT stocker/controllers/default.py: 0
[2017-12-12 17:31:43] CREATE default/displayTickersG.html: 0
[2017-12-12 17:32:00] EDIT stocker/views/default/displayTickersG.html: 0
[2017-12-12 17:32:36] EDIT stocker/controllers/default.py: 0
[2017-12-12 17:32:48] EDIT stocker/controllers/default.py: 0
[2017-12-12 17:32:56] EDIT stocker/controllers/default.py: 0
[2017-12-12 17:34:32] EDIT stocker/controllers/default.py: 1
[2017-12-12 17:37:05] EDIT stocker/controllers/default.py: 2
